Warning: Equate pins:  cell sky130_fd_pr__pfet_01v8_lvt has no definition, treated as a black box.
Warning: Equate pins:  cell sky130_fd_pr__pfet_01v8_lvt has no definition, treated as a black box.

Subcircuit pins:
Circuit 1: sky130_fd_pr__pfet_01v8_lvt     |Circuit 2: sky130_fd_pr__pfet_01v8_lvt     
-------------------------------------------|-------------------------------------------
1                                          |1                                          
2                                          |2                                          
3                                          |3                                          
4                                          |4                                          
---------------------------------------------------------------------------------------
Cell pin lists are equivalent.
Device classes sky130_fd_pr__pfet_01v8_lvt and sky130_fd_pr__pfet_01v8_lvt are equivalent.
Warning: Equate pins:  cell sky130_fd_pr__nfet_01v8_lvt has no definition, treated as a black box.
Warning: Equate pins:  cell sky130_fd_pr__nfet_01v8_lvt has no definition, treated as a black box.

Subcircuit pins:
Circuit 1: sky130_fd_pr__nfet_01v8_lvt     |Circuit 2: sky130_fd_pr__nfet_01v8_lvt     
-------------------------------------------|-------------------------------------------
1                                          |1                                          
2                                          |2                                          
3                                          |3                                          
4                                          |4                                          
---------------------------------------------------------------------------------------
Cell pin lists are equivalent.
Device classes sky130_fd_pr__nfet_01v8_lvt and sky130_fd_pr__nfet_01v8_lvt are equivalent.
Warning: Equate pins:  cell sky130_fd_pr__cap_mim_m3_1 has no definition, treated as a black box.
Warning: Equate pins:  cell sky130_fd_pr__cap_mim_m3_1 has no definition, treated as a black box.

Subcircuit pins:
Circuit 1: sky130_fd_pr__cap_mim_m3_1      |Circuit 2: sky130_fd_pr__cap_mim_m3_1      
-------------------------------------------|-------------------------------------------
1                                          |1                                          
2                                          |2                                          
---------------------------------------------------------------------------------------
Cell pin lists are equivalent.
Device classes sky130_fd_pr__cap_mim_m3_1 and sky130_fd_pr__cap_mim_m3_1 are equivalent.
Warning: Equate pins:  cell sky130_fd_pr__res_xhigh_po has no definition, treated as a black box.
Warning: Equate pins:  cell sky130_fd_pr__res_xhigh_po has no definition, treated as a black box.

Subcircuit pins:
Circuit 1: sky130_fd_pr__res_xhigh_po      |Circuit 2: sky130_fd_pr__res_xhigh_po      
-------------------------------------------|-------------------------------------------
1                                          |1                                          
2                                          |2                                          
3                                          |3                                          
---------------------------------------------------------------------------------------
Cell pin lists are equivalent.
Device classes sky130_fd_pr__res_xhigh_po and sky130_fd_pr__res_xhigh_po are equivalent.
Equate pins:  cell /home/eda/.xschem/simulations/OTA_tri.spice and/or /home/eda/magic/class_d_audio_amplifier/OTA/OTA_tri_revised.spice has no elements.
Cells have no pins;  pin matching not needed.
Device classes /home/eda/.xschem/simulations/OTA_tri.spice and /home/eda/magic/class_d_audio_amplifier/OTA/OTA_tri_revised.spice are equivalent.
Verify:  cell /home/eda/magic/class_d_audio_amplifier/OTA/OTA_tri_revised.spice has no elements and/or nodes.  Not checked.
